<?xml version="1.0" encoding="UTF-8"?>
<!-- Generated by org.testng.reporters.JUnitXMLReporter -->
<testsuite ignored="2" hostname="DESKTOP-UEIVDB1" failures="0" tests="1" name="Parameter Test two" time="0.003" errors="0" timestamp="2020-10-31T12:27:21 NZDT">
  <testcase classname="testNGPrograms.ParameterSuitelevel" name="prameterTestTwo" time="0.001"/>
  <testcase classname="testNGPrograms.ParameterSuitelevel" name="prameterTestThree" time="0.0">
    <ignored/>
  </testcase> <!-- prameterTestThree -->
  <testcase classname="testNGPrograms.ParameterSuitelevel" name="prameterTestOne" time="0.0">
    <ignored/>
  </testcase> <!-- prameterTestOne -->
</testsuite> <!-- Parameter Test two -->
