<?xml version="1.0" encoding="UTF-8"?>
<!-- Generated by org.testng.reporters.JUnitXMLReporter -->
<testsuite ignored="0" hostname="DESKTOP-UEIVDB1" failures="0" tests="4" name="Test" time="35.094" errors="0" timestamp="2020-10-31T12:33:54 NZDT">
  <testcase classname="testNGPrograms.OptionalParameter" name="setUp" time="14.578"/>
  <testcase classname="testNGPrograms.OptionalParameter" name="verifyLogin" time="12.253"/>
  <testcase classname="testNGPrograms.OptionalParameter" name="verifyLogout" time="7.478"/>
  <testcase classname="testNGPrograms.OptionalParameter" name="tearDown" time="0.738"/>
</testsuite> <!-- Test -->
