<?xml version="1.0" encoding="UTF-8"?>
<!-- Generated by org.testng.reporters.JUnitXMLReporter -->
<testsuite ignored="0" hostname="DESKTOP-UEIVDB1" failures="0" tests="3" name="MyStore" time="42.057" errors="0" timestamp="2020-10-25T11:00:18 NZDT">
  <testcase classname="testNGPrograms.BeforeAfterTest" name="verifyLoginAndLogout" time="7.741"/>
  <testcase classname="testNGPrograms.FirstTestNGProgram" name="loginLogoutAndVerify" time="19.909"/>
  <testcase classname="testNGPrograms.TestNGAnnotations" name="test1" time="0.001"/>
</testsuite> <!-- MyStore -->
